Arguments: 
  /usr/bin/node /usr/share/yarn/bin/yarn.js add express bodyparser mysql2

PATH: 
  /root/.vscode-server-insiders/bin/9e505675670d65138405321a60b0df4ddec28799/bin:/root/.vscode-server-insiders/bin/9e505675670d65138405321a60b0df4ddec28799/bin:/usr/local/sbin:/usr/local/bin:/usr/sbin:/usr/bin:/sbin:/bin:/usr/games:/usr/local/games:/snap/bin:/root/.dotnet/tools

Yarn version: 
  1.22.5

Node version: 
  14.10.0

Platform: 
  linux x64

Trace: 
  Error: https://registry.yarnpkg.com/bodyparser: Not found
      at Request.params.callback [as _callback] (/usr/share/yarn/lib/cli.js:66988:18)
      at Request.self.callback (/usr/share/yarn/lib/cli.js:140749:22)
      at Request.emit (events.js:314:20)
      at Request.<anonymous> (/usr/share/yarn/lib/cli.js:141721:10)
      at Request.emit (events.js:314:20)
      at IncomingMessage.<anonymous> (/usr/share/yarn/lib/cli.js:141643:12)
      at Object.onceWrapper (events.js:420:28)
      at IncomingMessage.emit (events.js:326:22)
      at endReadableNT (_stream_readable.js:1308:12)
      at processTicksAndRejections (internal/process/task_queues.js:80:21)

npm manifest: 
  {
    "name": "maria",
    "version": "0.0.1",
    "description": "Hook for mania pp and etc.",
    "main": "app.js",
    "repository": "https://github.com/osu-Astellia/maria.git",
    "author": "= <kotypey@gmail.com>",
    "license": "Apache-2.0"
  }

yarn manifest: 
  No manifest

Lockfile: 
  No lockfile
